[2019-07-09 12:33:54] local.INFO: Generating New Schedule  
[2019-07-09 12:35:10] local.ERROR: Expected response code 250 but got code "530", with message "530 5.7.1 Authentication required
" {"exception":"[object] (Swift_TransportException(code: 530): Expected response code 250 but got code \"530\", with message \"530 5.7.1 Authentication required
\" at /home/vagrant/code/hemsdeploy/vendor/swiftmailer/swiftmailer/lib/classes/Swift/Transport/AbstractSmtpTransport.php:457)
[stacktrace]
#0 /home/vagrant/code/hemsdeploy/vendor/swiftmailer/swiftmailer/lib/classes/Swift/Transport/AbstractSmtpTransport.php(341): Swift_Transport_AbstractSmtpTransport->assertResponseCode('530 5.7.1 Authe...', Array)
#1 /home/vagrant/code/hemsdeploy/vendor/swiftmailer/swiftmailer/lib/classes/Swift/Transport/EsmtpTransport.php(305): Swift_Transport_AbstractSmtpTransport->executeCommand('MAIL FROM:<hell...', Array, Array, false, NULL)
#2 /home/vagrant/code/hemsdeploy/vendor/swiftmailer/swiftmailer/lib/classes/Swift/Transport/AbstractSmtpTransport.php(390): Swift_Transport_EsmtpTransport->executeCommand('DATA\\
', Array, Array)
#3 /home/vagrant/code/hemsdeploy/vendor/swiftmailer/swiftmailer/lib/classes/Swift/Transport/AbstractSmtpTransport.php(497): Swift_Transport_AbstractSmtpTransport->doDataCommand(Array)
#4 /home/vagrant/code/hemsdeploy/vendor/swiftmailer/swiftmailer/lib/classes/Swift/Transport/AbstractSmtpTransport.php(516): Swift_Transport_AbstractSmtpTransport->doMailTransaction(Object(Swift_Message), 'hello@example.c...', Array, Array)
#5 /home/vagrant/code/hemsdeploy/vendor/swiftmailer/swiftmailer/lib/classes/Swift/Transport/AbstractSmtpTransport.php(206): Swift_Transport_AbstractSmtpTransport->sendTo(Object(Swift_Message), 'hello@example.c...', Array, Array)
#6 /home/vagrant/code/hemsdeploy/vendor/swiftmailer/swiftmailer/lib/classes/Swift/Mailer.php(71): Swift_Transport_AbstractSmtpTransport->send(Object(Swift_Message), Array)
#7 /home/vagrant/code/hemsdeploy/vendor/laravel/framework/src/Illuminate/Mail/Mailer.php(484): Swift_Mailer->send(Object(Swift_Message), Array)
#8 /home/vagrant/code/hemsdeploy/vendor/laravel/framework/src/Illuminate/Mail/Mailer.php(259): Illuminate\\Mail\\Mailer->sendSwiftMessage(Object(Swift_Message))
#9 /home/vagrant/code/hemsdeploy/vendor/laravel/framework/src/Illuminate/Mail/Mailable.php(159): Illuminate\\Mail\\Mailer->send(Object(Illuminate\\Support\\HtmlString), Array, Object(Closure))
#10 /home/vagrant/code/hemsdeploy/vendor/laravel/framework/src/Illuminate/Support/Traits/Localizable.php(19): Illuminate\\Mail\\Mailable->Illuminate\\Mail\\{closure}()
#11 /home/vagrant/code/hemsdeploy/vendor/laravel/framework/src/Illuminate/Mail/Mailable.php(160): Illuminate\\Mail\\Mailable->withLocale(NULL, Object(Closure))
#12 /home/vagrant/code/hemsdeploy/vendor/laravel/framework/src/Illuminate/Mail/Mailer.php(275): Illuminate\\Mail\\Mailable->send(Object(Illuminate\\Mail\\Mailer))
#13 /home/vagrant/code/hemsdeploy/vendor/laravel/framework/src/Illuminate/Mail/Mailer.php(229): Illuminate\\Mail\\Mailer->sendMailable(Object(App\\Mail\\ScheduleGenerated))
#14 /home/vagrant/code/hemsdeploy/vendor/laravel/framework/src/Illuminate/Mail/PendingMail.php(127): Illuminate\\Mail\\Mailer->send(Object(App\\Mail\\ScheduleGenerated))
#15 /home/vagrant/code/hemsdeploy/app/Jobs/SendScheduleGeneratedNotification.php(36): Illuminate\\Mail\\PendingMail->send(Object(App\\Mail\\ScheduleGenerated))
#16 [internal function]: App\\Jobs\\SendScheduleGeneratedNotification->handle()
#17 /home/vagrant/code/hemsdeploy/vendor/laravel/framework/src/Illuminate/Container/BoundMethod.php(32): call_user_func_array(Array, Array)
#18 /home/vagrant/code/hemsdeploy/vendor/laravel/framework/src/Illuminate/Container/BoundMethod.php(90): Illuminate\\Container\\BoundMethod::Illuminate\\Container\\{closure}()
#19 /home/vagrant/code/hemsdeploy/vendor/laravel/framework/src/Illuminate/Container/BoundMethod.php(34): Illuminate\\Container\\BoundMethod::callBoundMethod(Object(Illuminate\\Foundation\\Application), Array, Object(Closure))
#20 /home/vagrant/code/hemsdeploy/vendor/laravel/framework/src/Illuminate/Container/Container.php(576): Illuminate\\Container\\BoundMethod::call(Object(Illuminate\\Foundation\\Application), Array, Array, NULL)
#21 /home/vagrant/code/hemsdeploy/vendor/laravel/framework/src/Illuminate/Bus/Dispatcher.php(94): Illuminate\\Container\\Container->call(Array)
#22 /home/vagrant/code/hemsdeploy/vendor/laravel/framework/src/Illuminate/Pipeline/Pipeline.php(128): Illuminate\\Bus\\Dispatcher->Illuminate\\Bus\\{closure}(Object(App\\Jobs\\SendScheduleGeneratedNotification))
#23 /home/vagrant/code/hemsdeploy/vendor/laravel/framework/src/Illuminate/Pipeline/Pipeline.php(104): Illuminate\\Pipeline\\Pipeline->Illuminate\\Pipeline\\{closure}(Object(App\\Jobs\\SendScheduleGeneratedNotification))
#24 /home/vagrant/code/hemsdeploy/vendor/laravel/framework/src/Illuminate/Bus/Dispatcher.php(98): Illuminate\\Pipeline\\Pipeline->then(Object(Closure))
#25 /home/vagrant/code/hemsdeploy/vendor/laravel/framework/src/Illuminate/Queue/CallQueuedHandler.php(49): Illuminate\\Bus\\Dispatcher->dispatchNow(Object(App\\Jobs\\SendScheduleGeneratedNotification), false)
#26 /home/vagrant/code/hemsdeploy/vendor/laravel/framework/src/Illuminate/Queue/Jobs/Job.php(88): Illuminate\\Queue\\CallQueuedHandler->call(Object(Illuminate\\Queue\\Jobs\\DatabaseJob), Array)
#27 /home/vagrant/code/hemsdeploy/vendor/laravel/framework/src/Illuminate/Queue/Worker.php(327): Illuminate\\Queue\\Jobs\\Job->fire()
#28 /home/vagrant/code/hemsdeploy/vendor/laravel/framework/src/Illuminate/Queue/Worker.php(277): Illuminate\\Queue\\Worker->process('database', Object(Illuminate\\Queue\\Jobs\\DatabaseJob), Object(Illuminate\\Queue\\WorkerOptions))
#29 /home/vagrant/code/hemsdeploy/vendor/laravel/framework/src/Illuminate/Queue/Worker.php(118): Illuminate\\Queue\\Worker->runJob(Object(Illuminate\\Queue\\Jobs\\DatabaseJob), 'database', Object(Illuminate\\Queue\\WorkerOptions))
#30 /home/vagrant/code/hemsdeploy/vendor/laravel/framework/src/Illuminate/Queue/Console/WorkCommand.php(102): Illuminate\\Queue\\Worker->daemon('database', 'default', Object(Illuminate\\Queue\\WorkerOptions))
#31 /home/vagrant/code/hemsdeploy/vendor/laravel/framework/src/Illuminate/Queue/Console/WorkCommand.php(86): Illuminate\\Queue\\Console\\WorkCommand->runWorker('database', 'default')
#32 [internal function]: Illuminate\\Queue\\Console\\WorkCommand->handle()
#33 /home/vagrant/code/hemsdeploy/vendor/laravel/framework/src/Illuminate/Container/BoundMethod.php(32): call_user_func_array(Array, Array)
#34 /home/vagrant/code/hemsdeploy/vendor/laravel/framework/src/Illuminate/Container/BoundMethod.php(90): Illuminate\\Container\\BoundMethod::Illuminate\\Container\\{closure}()
#35 /home/vagrant/code/hemsdeploy/vendor/laravel/framework/src/Illuminate/Container/BoundMethod.php(34): Illuminate\\Container\\BoundMethod::callBoundMethod(Object(Illuminate\\Foundation\\Application), Array, Object(Closure))
#36 /home/vagrant/code/hemsdeploy/vendor/laravel/framework/src/Illuminate/Container/Container.php(576): Illuminate\\Container\\BoundMethod::call(Object(Illuminate\\Foundation\\Application), Array, Array, NULL)
#37 /home/vagrant/code/hemsdeploy/vendor/laravel/framework/src/Illuminate/Console/Command.php(183): Illuminate\\Container\\Container->call(Array)
#38 /home/vagrant/code/hemsdeploy/vendor/symfony/console/Command/Command.php(255): Illuminate\\Console\\Command->execute(Object(Symfony\\Component\\Console\\Input\\ArgvInput), Object(Illuminate\\Console\\OutputStyle))
#39 /home/vagrant/code/hemsdeploy/vendor/laravel/framework/src/Illuminate/Console/Command.php(170): Symfony\\Component\\Console\\Command\\Command->run(Object(Symfony\\Component\\Console\\Input\\ArgvInput), Object(Illuminate\\Console\\OutputStyle))
#40 /home/vagrant/code/hemsdeploy/vendor/symfony/console/Application.php(921): Illuminate\\Console\\Command->run(Object(Symfony\\Component\\Console\\Input\\ArgvInput), Object(Symfony\\Component\\Console\\Output\\ConsoleOutput))
#41 /home/vagrant/code/hemsdeploy/vendor/symfony/console/Application.php(273): Symfony\\Component\\Console\\Application->doRunCommand(Object(Illuminate\\Queue\\Console\\WorkCommand), Object(Symfony\\Component\\Console\\Input\\ArgvInput), Object(Symfony\\Component\\Console\\Output\\ConsoleOutput))
#42 /home/vagrant/code/hemsdeploy/vendor/symfony/console/Application.php(149): Symfony\\Component\\Console\\Application->doRun(Object(Symfony\\Component\\Console\\Input\\ArgvInput), Object(Symfony\\Component\\Console\\Output\\ConsoleOutput))
#43 /home/vagrant/code/hemsdeploy/vendor/laravel/framework/src/Illuminate/Console/Application.php(90): Symfony\\Component\\Console\\Application->run(Object(Symfony\\Component\\Console\\Input\\ArgvInput), Object(Symfony\\Component\\Console\\Output\\ConsoleOutput))
#44 /home/vagrant/code/hemsdeploy/vendor/laravel/framework/src/Illuminate/Foundation/Console/Kernel.php(133): Illuminate\\Console\\Application->run(Object(Symfony\\Component\\Console\\Input\\ArgvInput), Object(Symfony\\Component\\Console\\Output\\ConsoleOutput))
#45 /home/vagrant/code/hemsdeploy/artisan(37): Illuminate\\Foundation\\Console\\Kernel->handle(Object(Symfony\\Component\\Console\\Input\\ArgvInput), Object(Symfony\\Component\\Console\\Output\\ConsoleOutput))
#46 {main}
"} 
[2019-07-09 12:35:46] local.INFO: Generating New Schedule  
[2019-07-09 12:37:17] local.ERROR: Connection to smtp.mailtrap.io:2525 Timed Out {"exception":"[object] (Swift_TransportException(code: 0): Connection to smtp.mailtrap.io:2525 Timed Out at /home/vagrant/code/hemsdeploy/vendor/swiftmailer/swiftmailer/lib/classes/Swift/Transport/AbstractSmtpTransport.php:473, Swift_IoException(code: 0): Connection to smtp.mailtrap.io:2525 Timed Out at /home/vagrant/code/hemsdeploy/vendor/swiftmailer/swiftmailer/lib/classes/Swift/Transport/StreamBuffer.php:166)
[stacktrace]
#0 /home/vagrant/code/hemsdeploy/vendor/swiftmailer/swiftmailer/lib/classes/Swift/Transport/AbstractSmtpTransport.php(339): Swift_Transport_AbstractSmtpTransport->getFullResponse(42)
#1 /home/vagrant/code/hemsdeploy/vendor/swiftmailer/swiftmailer/lib/classes/Swift/Transport/EsmtpTransport.php(305): Swift_Transport_AbstractSmtpTransport->executeCommand('HELO [127.0.0.1...', Array, Array, false, NULL)
#2 /home/vagrant/code/hemsdeploy/vendor/swiftmailer/swiftmailer/lib/classes/Swift/Transport/AbstractSmtpTransport.php(365): Swift_Transport_EsmtpTransport->executeCommand('HELO [127.0.0.1...', Array)
#3 /home/vagrant/code/hemsdeploy/vendor/swiftmailer/swiftmailer/lib/classes/Swift/Transport/EsmtpTransport.php(341): Swift_Transport_AbstractSmtpTransport->doHeloCommand()
#4 /home/vagrant/code/hemsdeploy/vendor/swiftmailer/swiftmailer/lib/classes/Swift/Transport/AbstractSmtpTransport.php(148): Swift_Transport_EsmtpTransport->doHeloCommand()
#5 /home/vagrant/code/hemsdeploy/vendor/swiftmailer/swiftmailer/lib/classes/Swift/Mailer.php(65): Swift_Transport_AbstractSmtpTransport->start()
#6 /home/vagrant/code/hemsdeploy/vendor/laravel/framework/src/Illuminate/Mail/Mailer.php(484): Swift_Mailer->send(Object(Swift_Message), Array)
#7 /home/vagrant/code/hemsdeploy/vendor/laravel/framework/src/Illuminate/Mail/Mailer.php(259): Illuminate\\Mail\\Mailer->sendSwiftMessage(Object(Swift_Message))
#8 /home/vagrant/code/hemsdeploy/vendor/laravel/framework/src/Illuminate/Mail/Mailable.php(159): Illuminate\\Mail\\Mailer->send(Object(Illuminate\\Support\\HtmlString), Array, Object(Closure))
#9 /home/vagrant/code/hemsdeploy/vendor/laravel/framework/src/Illuminate/Support/Traits/Localizable.php(19): Illuminate\\Mail\\Mailable->Illuminate\\Mail\\{closure}()
#10 /home/vagrant/code/hemsdeploy/vendor/laravel/framework/src/Illuminate/Mail/Mailable.php(160): Illuminate\\Mail\\Mailable->withLocale(NULL, Object(Closure))
#11 /home/vagrant/code/hemsdeploy/vendor/laravel/framework/src/Illuminate/Mail/Mailer.php(275): Illuminate\\Mail\\Mailable->send(Object(Illuminate\\Mail\\Mailer))
#12 /home/vagrant/code/hemsdeploy/vendor/laravel/framework/src/Illuminate/Mail/Mailer.php(229): Illuminate\\Mail\\Mailer->sendMailable(Object(App\\Mail\\ScheduleGenerated))
#13 /home/vagrant/code/hemsdeploy/vendor/laravel/framework/src/Illuminate/Mail/PendingMail.php(127): Illuminate\\Mail\\Mailer->send(Object(App\\Mail\\ScheduleGenerated))
#14 /home/vagrant/code/hemsdeploy/app/Jobs/SendScheduleGeneratedNotification.php(36): Illuminate\\Mail\\PendingMail->send(Object(App\\Mail\\ScheduleGenerated))
#15 [internal function]: App\\Jobs\\SendScheduleGeneratedNotification->handle()
#16 /home/vagrant/code/hemsdeploy/vendor/laravel/framework/src/Illuminate/Container/BoundMethod.php(32): call_user_func_array(Array, Array)
#17 /home/vagrant/code/hemsdeploy/vendor/laravel/framework/src/Illuminate/Container/BoundMethod.php(90): Illuminate\\Container\\BoundMethod::Illuminate\\Container\\{closure}()
#18 /home/vagrant/code/hemsdeploy/vendor/laravel/framework/src/Illuminate/Container/BoundMethod.php(34): Illuminate\\Container\\BoundMethod::callBoundMethod(Object(Illuminate\\Foundation\\Application), Array, Object(Closure))
#19 /home/vagrant/code/hemsdeploy/vendor/laravel/framework/src/Illuminate/Container/Container.php(576): Illuminate\\Container\\BoundMethod::call(Object(Illuminate\\Foundation\\Application), Array, Array, NULL)
#20 /home/vagrant/code/hemsdeploy/vendor/laravel/framework/src/Illuminate/Bus/Dispatcher.php(94): Illuminate\\Container\\Container->call(Array)
#21 /home/vagrant/code/hemsdeploy/vendor/laravel/framework/src/Illuminate/Pipeline/Pipeline.php(128): Illuminate\\Bus\\Dispatcher->Illuminate\\Bus\\{closure}(Object(App\\Jobs\\SendScheduleGeneratedNotification))
#22 /home/vagrant/code/hemsdeploy/vendor/laravel/framework/src/Illuminate/Pipeline/Pipeline.php(104): Illuminate\\Pipeline\\Pipeline->Illuminate\\Pipeline\\{closure}(Object(App\\Jobs\\SendScheduleGeneratedNotification))
#23 /home/vagrant/code/hemsdeploy/vendor/laravel/framework/src/Illuminate/Bus/Dispatcher.php(98): Illuminate\\Pipeline\\Pipeline->then(Object(Closure))
#24 /home/vagrant/code/hemsdeploy/vendor/laravel/framework/src/Illuminate/Queue/CallQueuedHandler.php(49): Illuminate\\Bus\\Dispatcher->dispatchNow(Object(App\\Jobs\\SendScheduleGeneratedNotification), false)
#25 /home/vagrant/code/hemsdeploy/vendor/laravel/framework/src/Illuminate/Queue/Jobs/Job.php(88): Illuminate\\Queue\\CallQueuedHandler->call(Object(Illuminate\\Queue\\Jobs\\DatabaseJob), Array)
#26 /home/vagrant/code/hemsdeploy/vendor/laravel/framework/src/Illuminate/Queue/Worker.php(327): Illuminate\\Queue\\Jobs\\Job->fire()
#27 /home/vagrant/code/hemsdeploy/vendor/laravel/framework/src/Illuminate/Queue/Worker.php(277): Illuminate\\Queue\\Worker->process('database', Object(Illuminate\\Queue\\Jobs\\DatabaseJob), Object(Illuminate\\Queue\\WorkerOptions))
#28 /home/vagrant/code/hemsdeploy/vendor/laravel/framework/src/Illuminate/Queue/Worker.php(118): Illuminate\\Queue\\Worker->runJob(Object(Illuminate\\Queue\\Jobs\\DatabaseJob), 'database', Object(Illuminate\\Queue\\WorkerOptions))
#29 /home/vagrant/code/hemsdeploy/vendor/laravel/framework/src/Illuminate/Queue/Console/WorkCommand.php(102): Illuminate\\Queue\\Worker->daemon('database', 'default', Object(Illuminate\\Queue\\WorkerOptions))
#30 /home/vagrant/code/hemsdeploy/vendor/laravel/framework/src/Illuminate/Queue/Console/WorkCommand.php(86): Illuminate\\Queue\\Console\\WorkCommand->runWorker('database', 'default')
#31 [internal function]: Illuminate\\Queue\\Console\\WorkCommand->handle()
#32 /home/vagrant/code/hemsdeploy/vendor/laravel/framework/src/Illuminate/Container/BoundMethod.php(32): call_user_func_array(Array, Array)
#33 /home/vagrant/code/hemsdeploy/vendor/laravel/framework/src/Illuminate/Container/BoundMethod.php(90): Illuminate\\Container\\BoundMethod::Illuminate\\Container\\{closure}()
#34 /home/vagrant/code/hemsdeploy/vendor/laravel/framework/src/Illuminate/Container/BoundMethod.php(34): Illuminate\\Container\\BoundMethod::callBoundMethod(Object(Illuminate\\Foundation\\Application), Array, Object(Closure))
#35 /home/vagrant/code/hemsdeploy/vendor/laravel/framework/src/Illuminate/Container/Container.php(576): Illuminate\\Container\\BoundMethod::call(Object(Illuminate\\Foundation\\Application), Array, Array, NULL)
#36 /home/vagrant/code/hemsdeploy/vendor/laravel/framework/src/Illuminate/Console/Command.php(183): Illuminate\\Container\\Container->call(Array)
#37 /home/vagrant/code/hemsdeploy/vendor/symfony/console/Command/Command.php(255): Illuminate\\Console\\Command->execute(Object(Symfony\\Component\\Console\\Input\\ArgvInput), Object(Illuminate\\Console\\OutputStyle))
#38 /home/vagrant/code/hemsdeploy/vendor/laravel/framework/src/Illuminate/Console/Command.php(170): Symfony\\Component\\Console\\Command\\Command->run(Object(Symfony\\Component\\Console\\Input\\ArgvInput), Object(Illuminate\\Console\\OutputStyle))
#39 /home/vagrant/code/hemsdeploy/vendor/symfony/console/Application.php(921): Illuminate\\Console\\Command->run(Object(Symfony\\Component\\Console\\Input\\ArgvInput), Object(Symfony\\Component\\Console\\Output\\ConsoleOutput))
#40 /home/vagrant/code/hemsdeploy/vendor/symfony/console/Application.php(273): Symfony\\Component\\Console\\Application->doRunCommand(Object(Illuminate\\Queue\\Console\\WorkCommand), Object(Symfony\\Component\\Console\\Input\\ArgvInput), Object(Symfony\\Component\\Console\\Output\\ConsoleOutput))
#41 /home/vagrant/code/hemsdeploy/vendor/symfony/console/Application.php(149): Symfony\\Component\\Console\\Application->doRun(Object(Symfony\\Component\\Console\\Input\\ArgvInput), Object(Symfony\\Component\\Console\\Output\\ConsoleOutput))
#42 /home/vagrant/code/hemsdeploy/vendor/laravel/framework/src/Illuminate/Console/Application.php(90): Symfony\\Component\\Console\\Application->run(Object(Symfony\\Component\\Console\\Input\\ArgvInput), Object(Symfony\\Component\\Console\\Output\\ConsoleOutput))
#43 /home/vagrant/code/hemsdeploy/vendor/laravel/framework/src/Illuminate/Foundation/Console/Kernel.php(133): Illuminate\\Console\\Application->run(Object(Symfony\\Component\\Console\\Input\\ArgvInput), Object(Symfony\\Component\\Console\\Output\\ConsoleOutput))
#44 /home/vagrant/code/hemsdeploy/artisan(37): Illuminate\\Foundation\\Console\\Kernel->handle(Object(Symfony\\Component\\Console\\Input\\ArgvInput), Object(Symfony\\Component\\Console\\Output\\ConsoleOutput))
#45 {main}
"} 
[2019-07-09 14:58:02] local.INFO: Generating New Schedule  
[2019-07-09 15:03:14] local.INFO: Generating New Schedule  
